2023-12-18 22:12:685 INFO  StartPage :21 - Clicking on start button : [[ChromeDriver: chrome on windows (ee284d9ca9a470f3ed9a48bcecabc5e0)] -> css selector: .gem-c-button.govuk-button.govuk-button--start]
2023-12-18 22:12:925 INFO  SelectNationalityPage :24 - select nationality : Chilefrom drop down menu[[ChromeDriver: chrome on windows (ee284d9ca9a470f3ed9a48bcecabc5e0)] -> id: response]
2023-12-18 22:12:176 INFO  SelectNationalityPage :29 - Clicking on continue button : [[ChromeDriver: chrome on windows (ee284d9ca9a470f3ed9a48bcecabc5e0)] -> xpath: (//button[normalize-space()='Continue'])[1]]
2023-12-18 22:12:500 INFO  ReasonForTravelPage :43 - Clicking on reason : [[ChromeDriver: chrome on windows (ee284d9ca9a470f3ed9a48bcecabc5e0)] -> id: response-1]
2023-12-18 22:12:760 INFO  ReasonForTravelPage :38 - Clicking on continue Button : [[ChromeDriver: chrome on windows (ee284d9ca9a470f3ed9a48bcecabc5e0)] -> xpath: //button[normalize-space()='Continue']]
2023-12-18 22:12:63 INFO  DurationOfStayPage :23 - Clicking on duration : [[ChromeDriver: chrome on windows (ee284d9ca9a470f3ed9a48bcecabc5e0)] -> id: response-1]
2023-12-18 22:12:299 INFO  DurationOfStayPage :28 - Clicking on continue Button : [[ChromeDriver: chrome on windows (ee284d9ca9a470f3ed9a48bcecabc5e0)] -> xpath: //button[normalize-space()='Continue']]
2023-12-18 22:12:586 INFO  WorkTypePage :24 - Clicking on work : [[ChromeDriver: chrome on windows (ee284d9ca9a470f3ed9a48bcecabc5e0)] -> id: response-0]
2023-12-18 22:12:52 INFO  WorkTypePage :29 - Clicking on continue button : [[ChromeDriver: chrome on windows (ee284d9ca9a470f3ed9a48bcecabc5e0)] -> xpath: //button[normalize-space()='Continue']]
2023-12-18 22:12:114 INFO  ResultPage :34 - Verifying the result: [[ChromeDriver: chrome on windows (ee284d9ca9a470f3ed9a48bcecabc5e0)] -> xpath: //h2[normalize-space()='You need a visa to work in health and care']]
2023-12-18 22:12:211 INFO  StartPage :21 - Clicking on start button : [[ChromeDriver: chrome on windows (fe7f656b7e332571456e0c63e302192e)] -> css selector: .gem-c-button.govuk-button.govuk-button--start]
2023-12-18 22:12:409 INFO  SelectNationalityPage :24 - select nationality : Cambodiafrom drop down menu[[ChromeDriver: chrome on windows (fe7f656b7e332571456e0c63e302192e)] -> id: response]
2023-12-18 22:12:669 INFO  SelectNationalityPage :29 - Clicking on continue button : [[ChromeDriver: chrome on windows (fe7f656b7e332571456e0c63e302192e)] -> xpath: (//button[normalize-space()='Continue'])[1]]
2023-12-18 22:12:961 INFO  ReasonForTravelPage :49 - Clicking on reason : [[ChromeDriver: chrome on windows (fe7f656b7e332571456e0c63e302192e)] -> id: response-4]
2023-12-18 22:12:187 INFO  ReasonForTravelPage :38 - Clicking on continue Button : [[ChromeDriver: chrome on windows (fe7f656b7e332571456e0c63e302192e)] -> xpath: //button[normalize-space()='Continue']]
2023-12-18 22:12:466 INFO  FamilyImmigrationStatusPage :23 - Clicking on yes : [[ChromeDriver: chrome on windows (fe7f656b7e332571456e0c63e302192e)] -> id: response-0]
2023-12-18 22:12:682 INFO  FamilyImmigrationStatusPage :28 - Clicking on continue button : [[ChromeDriver: chrome on windows (fe7f656b7e332571456e0c63e302192e)] -> xpath: //button[normalize-space()='Continue']]
2023-12-18 22:12:841 INFO  ResultPage :41 - Verifying the result: [[ChromeDriver: chrome on windows (fe7f656b7e332571456e0c63e302192e)] -> xpath: //h2[contains(text(),'You’ll need a visa to join your family or partner ')]]
2023-12-18 22:12:413 INFO  StartPage :21 - Clicking on start button : [[ChromeDriver: chrome on windows (313aacda71202b3127443db0b67670bc)] -> css selector: .gem-c-button.govuk-button.govuk-button--start]
2023-12-18 22:12:910 INFO  StartPage :21 - Clicking on start button : [[ChromeDriver: chrome on windows (9ec5b5c7f0b250d92adb158c480fb540)] -> css selector: .gem-c-button.govuk-button.govuk-button--start]
2023-12-18 22:12:59 INFO  SelectNationalityPage :24 - select nationality : Australiafrom drop down menu[[ChromeDriver: chrome on windows (9ec5b5c7f0b250d92adb158c480fb540)] -> id: response]
2023-12-18 22:12:367 INFO  SelectNationalityPage :29 - Clicking on continue button : [[ChromeDriver: chrome on windows (9ec5b5c7f0b250d92adb158c480fb540)] -> xpath: (//button[normalize-space()='Continue'])[1]]
2023-12-18 22:12:544 INFO  ReasonForTravelPage :33 - Clicking on reason : [[ChromeDriver: chrome on windows (9ec5b5c7f0b250d92adb158c480fb540)] -> id: response-0]
2023-12-18 22:12:748 INFO  ReasonForTravelPage :38 - Clicking on continue Button : [[ChromeDriver: chrome on windows (9ec5b5c7f0b250d92adb158c480fb540)] -> xpath: //button[normalize-space()='Continue']]
2023-12-18 22:12:872 INFO  ResultPage :28 - Verifying the text: [[ChromeDriver: chrome on windows (9ec5b5c7f0b250d92adb158c480fb540)] -> xpath: //h2[normalize-space()='You will not need a visa to come to the UK']]
2023-12-18 22:12:307 INFO  StartPage :21 - Clicking on start button : [[ChromeDriver: chrome on windows (27d8d3cbce8f2245e7e0cd6593dea39b)] -> css selector: .gem-c-button.govuk-button.govuk-button--start]
2023-12-18 22:12:457 INFO  SelectNationalityPage :24 - select nationality : Chilefrom drop down menu[[ChromeDriver: chrome on windows (27d8d3cbce8f2245e7e0cd6593dea39b)] -> id: response]
2023-12-18 22:12:648 INFO  SelectNationalityPage :29 - Clicking on continue button : [[ChromeDriver: chrome on windows (27d8d3cbce8f2245e7e0cd6593dea39b)] -> xpath: (//button[normalize-space()='Continue'])[1]]
2023-12-18 22:12:892 INFO  ReasonForTravelPage :43 - Clicking on reason : [[ChromeDriver: chrome on windows (27d8d3cbce8f2245e7e0cd6593dea39b)] -> id: response-1]
2023-12-18 22:12:71 INFO  ReasonForTravelPage :38 - Clicking on continue Button : [[ChromeDriver: chrome on windows (27d8d3cbce8f2245e7e0cd6593dea39b)] -> xpath: //button[normalize-space()='Continue']]
2023-12-18 22:12:328 INFO  DurationOfStayPage :23 - Clicking on duration : [[ChromeDriver: chrome on windows (27d8d3cbce8f2245e7e0cd6593dea39b)] -> id: response-1]
2023-12-18 22:12:515 INFO  DurationOfStayPage :28 - Clicking on continue Button : [[ChromeDriver: chrome on windows (27d8d3cbce8f2245e7e0cd6593dea39b)] -> xpath: //button[normalize-space()='Continue']]
2023-12-18 22:12:757 INFO  WorkTypePage :24 - Clicking on work : [[ChromeDriver: chrome on windows (27d8d3cbce8f2245e7e0cd6593dea39b)] -> id: response-0]
2023-12-18 22:12:969 INFO  WorkTypePage :29 - Clicking on continue button : [[ChromeDriver: chrome on windows (27d8d3cbce8f2245e7e0cd6593dea39b)] -> xpath: //button[normalize-space()='Continue']]
2023-12-18 22:12:115 INFO  ResultPage :34 - Verifying the result: [[ChromeDriver: chrome on windows (27d8d3cbce8f2245e7e0cd6593dea39b)] -> xpath: //h2[normalize-space()='You need a visa to work in health and care']]
2023-12-18 22:12:562 INFO  StartPage :21 - Clicking on start button : [[ChromeDriver: chrome on windows (885acb1ebf49f5e680f8d25be6440c04)] -> css selector: .gem-c-button.govuk-button.govuk-button--start]
2023-12-18 22:12:695 INFO  SelectNationalityPage :24 - select nationality : Cambodiafrom drop down menu[[ChromeDriver: chrome on windows (885acb1ebf49f5e680f8d25be6440c04)] -> id: response]
2023-12-18 22:12:929 INFO  SelectNationalityPage :29 - Clicking on continue button : [[ChromeDriver: chrome on windows (885acb1ebf49f5e680f8d25be6440c04)] -> xpath: (//button[normalize-space()='Continue'])[1]]
2023-12-18 22:12:167 INFO  ReasonForTravelPage :49 - Clicking on reason : [[ChromeDriver: chrome on windows (885acb1ebf49f5e680f8d25be6440c04)] -> id: response-4]
2023-12-18 22:12:341 INFO  ReasonForTravelPage :38 - Clicking on continue Button : [[ChromeDriver: chrome on windows (885acb1ebf49f5e680f8d25be6440c04)] -> xpath: //button[normalize-space()='Continue']]
2023-12-18 22:12:584 INFO  FamilyImmigrationStatusPage :23 - Clicking on yes : [[ChromeDriver: chrome on windows (885acb1ebf49f5e680f8d25be6440c04)] -> id: response-0]
2023-12-18 22:12:868 INFO  FamilyImmigrationStatusPage :28 - Clicking on continue button : [[ChromeDriver: chrome on windows (885acb1ebf49f5e680f8d25be6440c04)] -> xpath: //button[normalize-space()='Continue']]
2023-12-18 22:12:915 INFO  ResultPage :41 - Verifying the result: [[ChromeDriver: chrome on windows (885acb1ebf49f5e680f8d25be6440c04)] -> xpath: //h2[contains(text(),'You’ll need a visa to join your family or partner ')]]
2023-12-18 22:12:815 INFO  StartPage :21 - Clicking on start button : [[ChromeDriver: chrome on windows (b8ad17d9d56a77da8d925070f61865ab)] -> css selector: .gem-c-button.govuk-button.govuk-button--start]
2023-12-18 22:12:330 INFO  StartPage :21 - Clicking on start button : [[ChromeDriver: chrome on windows (6eacf99c611adb53ac934273f09615c0)] -> css selector: .gem-c-button.govuk-button.govuk-button--start]
2023-12-18 22:12:470 INFO  SelectNationalityPage :24 - select nationality : Australiafrom drop down menu[[ChromeDriver: chrome on windows (6eacf99c611adb53ac934273f09615c0)] -> id: response]
2023-12-18 22:12:771 INFO  SelectNationalityPage :29 - Clicking on continue button : [[ChromeDriver: chrome on windows (6eacf99c611adb53ac934273f09615c0)] -> xpath: (//button[normalize-space()='Continue'])[1]]
2023-12-18 22:12:950 INFO  ReasonForTravelPage :33 - Clicking on reason : [[ChromeDriver: chrome on windows (6eacf99c611adb53ac934273f09615c0)] -> id: response-0]
2023-12-18 22:12:178 INFO  ReasonForTravelPage :38 - Clicking on continue Button : [[ChromeDriver: chrome on windows (6eacf99c611adb53ac934273f09615c0)] -> xpath: //button[normalize-space()='Continue']]
2023-12-18 22:12:307 INFO  ResultPage :28 - Verifying the text: [[ChromeDriver: chrome on windows (6eacf99c611adb53ac934273f09615c0)] -> xpath: //h2[normalize-space()='You will not need a visa to come to the UK']]
2023-12-18 22:12:753 INFO  StartPage :21 - Clicking on start button : [[ChromeDriver: chrome on windows (12f06a87e227e2e0beb25d9b268e0d64)] -> css selector: .gem-c-button.govuk-button.govuk-button--start]
2023-12-18 22:12:897 INFO  SelectNationalityPage :24 - select nationality : Cambodiafrom drop down menu[[ChromeDriver: chrome on windows (12f06a87e227e2e0beb25d9b268e0d64)] -> id: response]
2023-12-18 22:12:108 INFO  SelectNationalityPage :29 - Clicking on continue button : [[ChromeDriver: chrome on windows (12f06a87e227e2e0beb25d9b268e0d64)] -> xpath: (//button[normalize-space()='Continue'])[1]]
2023-12-18 22:12:356 INFO  ReasonForTravelPage :49 - Clicking on reason : [[ChromeDriver: chrome on windows (12f06a87e227e2e0beb25d9b268e0d64)] -> id: response-4]
2023-12-18 22:12:555 INFO  ReasonForTravelPage :38 - Clicking on continue Button : [[ChromeDriver: chrome on windows (12f06a87e227e2e0beb25d9b268e0d64)] -> xpath: //button[normalize-space()='Continue']]
2023-12-18 22:12:776 INFO  FamilyImmigrationStatusPage :23 - Clicking on yes : [[ChromeDriver: chrome on windows (12f06a87e227e2e0beb25d9b268e0d64)] -> id: response-0]
2023-12-18 22:12:950 INFO  FamilyImmigrationStatusPage :28 - Clicking on continue button : [[ChromeDriver: chrome on windows (12f06a87e227e2e0beb25d9b268e0d64)] -> xpath: //button[normalize-space()='Continue']]
2023-12-18 22:12:129 INFO  ResultPage :41 - Verifying the result: [[ChromeDriver: chrome on windows (12f06a87e227e2e0beb25d9b268e0d64)] -> xpath: //h2[contains(text(),'You’ll need a visa to join your family or partner ')]]
2023-12-18 23:12:899 INFO  StartPage :21 - Clicking on start button : [[ChromeDriver: chrome on windows (186457f27cc9821c56b058a83031314e)] -> css selector: .gem-c-button.govuk-button.govuk-button--start]
2023-12-18 23:12:320 INFO  StartPage :21 - Clicking on start button : [[ChromeDriver: chrome on windows (f65ce3b92fd981f5663e8b07028125cd)] -> css selector: .gem-c-button.govuk-button.govuk-button--start]
2023-12-18 23:12:479 INFO  SelectNationalityPage :24 - select nationality : Australiafrom drop down menu[[ChromeDriver: chrome on windows (f65ce3b92fd981f5663e8b07028125cd)] -> id: response]
2023-12-18 23:12:772 INFO  SelectNationalityPage :29 - Clicking on continue button : [[ChromeDriver: chrome on windows (f65ce3b92fd981f5663e8b07028125cd)] -> xpath: (//button[normalize-space()='Continue'])[1]]
2023-12-18 23:12:968 INFO  ReasonForTravelPage :33 - Clicking on reason : [[ChromeDriver: chrome on windows (f65ce3b92fd981f5663e8b07028125cd)] -> id: response-0]
2023-12-18 23:12:190 INFO  ReasonForTravelPage :38 - Clicking on continue Button : [[ChromeDriver: chrome on windows (f65ce3b92fd981f5663e8b07028125cd)] -> xpath: //button[normalize-space()='Continue']]
2023-12-18 23:12:321 INFO  ResultPage :28 - Verifying the text: [[ChromeDriver: chrome on windows (f65ce3b92fd981f5663e8b07028125cd)] -> xpath: //h2[normalize-space()='You will not need a visa to come to the UK']]
